Configuration on demand is an incubating feature.
> Task :platform-mq-kafka:processResources NO-SOURCE
> Task :bootBuildInfo
> Task :platform-plugin-api:compileJava UP-TO-DATE
> Task :processResources UP-TO-DATE
> Task :platform-plugin-api:processResources NO-SOURCE
> Task :platform-plugin-api:classes UP-TO-DATE
> Task :platform-plugin-api:jar UP-TO-DATE
> Task :compileJava
> Task :classes
> Task :jar
> Task :compileTestJava UP-TO-DATE
> Task :platform-mq-kafka:compileJava UP-TO-DATE
> Task :platform-mq-kafka:classes UP-TO-DATE
> Task :platform-mq-kafka:jar UP-TO-DATE
> Task :instrumentMainOffline
> Task :processTestResources UP-TO-DATE
> Task :testClasses UP-TO-DATE
OpenJDK 64-Bit Server VM warning: Sharing is only supported for boot loader classes because bootstrap classpath has been appended

> Task :test

TenantMemberApplicationServiceImpl > downloadImportTemplate produces non-empty xlsx resource PASSED

TenantMemberApplicationServiceImpl > batchRemoveMembers skips self / cross-tenant / missing PASSED

TenantMemberApplicationServiceImpl > approveMember approve sets ACTIVE PASSED

TenantMemberApplicationServiceImpl > getMemberTeams throws when member missing PASSED

TenantMemberApplicationServiceImpl > getMemberById throws when not found PASSED

TenantMemberApplicationServiceImpl > updateMemberStatus dispatches to activate/deactivate/suspend PASSED

TenantMemberApplicationServiceImpl > approveMember invalid action throws PASSED

TenantMemberApplicationServiceImpl > searchMembers paginates and converts to response PASSED

TenantMemberApplicationServiceImpl > removeMember succeeds for another user PASSED

TenantMemberApplicationServiceImpl > importMembers (rows) rejects empty input PASSED

TenantMemberApplicationServiceImpl > approveMember reject persists rejection reason in extensions PASSED

TenantMemberApplicationServiceImpl > getMemberById denies cross-tenant access PASSED

TenantMemberApplicationServiceImpl > importMembers (MultipartFile) is unsupported PASSED

TenantMemberApplicationServiceImpl > getMemberTeams returns teams for member's user PASSED

TenantMemberApplicationServiceImpl > updateMemberStatus invalid status throws PASSED

TenantMemberApplicationServiceImpl > resetMemberPasswordByAdmin retries until temporary password satisfies policy PASSED

TenantMemberApplicationServiceImpl > sendPasswordResetEmail succeeds when user email present PASSED

TenantMemberApplicationServiceImpl > removeMember refuses self-removal PASSED

TenantMemberApplicationServiceImpl > searchMembers throws when no tenant context and no membership PASSED

TenantMemberApplicationServiceImpl > getMemberById returns response when authorized PASSED

TenantMemberApplicationServiceImpl > sendPasswordResetEmail throws when user has no email PASSED

TenantMemberApplicationServiceImpl > leave member marks employee resigned by member pid when no employee id PASSED

TenantMemberApplicationServiceImpl > batchRemoveMembers no-op for empty input PASSED

TenantMemberApplicationServiceImpl > approveMember cross-tenant denied PASSED

TenantMemberApplicationServiceImpl > sendPasswordResetEmail throws when target user missing PASSED

> Task :jacocoTestReport

BUILD SUCCESSFUL in 7s
13 actionable tasks: 6 executed, 7 up-to-date
