[36m[golden-stack][0m 1/9 allocate runtime 'account-org-settings' (slot 94) + ensure infra
[36m[golden-stack][0m     backend=6494 vite=5194 bff=6194 db=auraboot_94 redis-db=15
[36m[golden-stack][0m 2/9 apply schema to auraboot_94
[36m[golden-stack][0m 3/9 seed gradle wrapper jar (fresh-worktree gotcha)
[36m[golden-stack][0m 4/9 build bootJar (default ~/.gradle for plugin/mirror resolution; --no-daemon)
[36m[golden-stack][0m 5/9 start backend (java -jar) on 6494
[36m[golden-stack][0m     backend UP (pid 32240)
[36m[golden-stack][0m 6/9 bootstrap (minimal admin + tenant; idempotent)
[36m[golden-stack][0m     bootstrap OK (admin@auraboot.com / Test2026x)
[36m[golden-stack][0m 6.5/9 import plugin profile 'demo' (host-first)
[36m[golden-stack][0m     plugin import OK — see /Users/ghj/work/auraboot/.workspace/golden/account-org-settings/import.log
[36m[golden-stack][0m 7/9 frontend: symlink node_modules (if missing) + start Vite+BFF
[36m[golden-stack][0m     frontend UP (supervisor pid 35082, vite http=302)
[36m[golden-stack][0m 8/9 warm: setup → auth storageState → pre-warm heavy routes
[36m[golden-stack][0m     warm[setup] attempt 1/5
[36m[golden-stack][0m     warm[auth] attempt 1/5
[36m[golden-stack][0m     warm[auth] admin.json ready (has __session)
[36m[golden-stack][0m     warm[routes] navigating /report-designer + /dashboard (real auth)
[36m[golden-stack][0m     warm[routes] heavy routes hot ✓
[36m[golden-stack][0m     warm OK
[36m[golden-stack][0m 9/9 ready ✓

# Playwright env contract for golden specs against 'account-org-settings' (run from web-admin/):
export PLAYWRIGHT_BASE_URL=http://127.0.0.1:5194
export BACKEND_URL=http://127.0.0.1:6494
export BE_PORT=6494
export BFF_PORT=6194
export PW_SKIP_WEBSERVER=1
export NO_PROXY=localhost,127.0.0.1
# Isolated-DB coordinates for the Playwright 'setup' project (00-bootstrap's
# node-postgres invariant checks read PG* / PGHOST etc.); harmless for golden specs.
export PGHOST=127.0.0.1
export PGPORT=5432
export PGUSER=auraboot
export PGDATABASE=auraboot_94
export PGPASSWORD=auraboot
export PG_HOST=127.0.0.1
export PG_PORT=5432
export PG_USER=auraboot
export PG_DB=auraboot_94
# example: cd web-admin && eval "$(../scripts/oss-golden-stack.sh env account-org-settings)" \
#   && npx playwright test -c playwright.gt5.config.ts tests/e2e/bpm-designer/designer-property-edit.spec.ts
# NOTE: 'up' runs an internal warm step (full setup → auth storageState → pre-warm
#       /report-designer + /dashboard), and web-admin/vite.config.ts pre-bundles the
#       heavy lazy-route deps (optimizeDeps.include, #947). The FIRST golden run after
#       'up' is therefore reliable. Fallback if a brand-new route ever cold-reopts:
#       curl --noproxy '*' -s $PLAYWRIGHT_BASE_URL/<route> once before running.
