
Running 20 tests using 1 worker

[1A[2K(node:39587) Warning: The 'NO_COLOR' env is ignored due to the 'FORCE_COLOR' env being set.
(Use `node --trace-warnings ...` to show where the warning was created)


[1A[2K(node:39587) Warning: The 'NO_COLOR' env is ignored due to the 'FORCE_COLOR' env being set.
(Use `node --trace-warnings ...` to show where the warning was created)


[1A[2K[1/20] [setup] › tests/api/setup/00-bootstrap.spec.ts:267:1 › 00-bootstrap: ensure system is initialized via /api/bootstrap/setup
[1A[2K[2/20] [setup] › tests/api/setup/00-bootstrap.spec.ts:307:1 › 00-bootstrap: invariant 1 — system_config row + system.initialized=true
[1A[2K[3/20] [setup] › tests/api/setup/00-bootstrap.spec.ts:327:1 › 00-bootstrap: invariant 2 — System Tenant row exists
[1A[2K[4/20] [setup] › tests/api/setup/00-bootstrap.spec.ts:334:1 › 00-bootstrap: invariant 3 — platform_admin role exists in System Tenant
[1A[2K[5/20] [setup] › tests/api/setup/00-bootstrap.spec.ts:343:1 › 00-bootstrap: invariant 4 — admin user exists
[1A[2K[6/20] [setup] › tests/api/setup/00-bootstrap.spec.ts:351:1 › 00-bootstrap: invariant 5 — admin → System Tenant membership
[1A[2K[7/20] [setup] › tests/api/setup/00-bootstrap.spec.ts:361:1 › 00-bootstrap: invariant 6 — admin → platform_admin role grant
[1A[2K[8/20] [setup] › tests/api/setup/00-bootstrap.spec.ts:375:1 › 00-bootstrap: invariant 7 — Business Tenant exists
[1A[2K[9/20] [setup] › tests/api/setup/00-bootstrap.spec.ts:383:1 › 00-bootstrap: invariant 8 — Business Tenant template roles exist
[1A[2K[10/20] [setup] › tests/api/setup/00-bootstrap.spec.ts:399:1 › 00-bootstrap: invariant 8b — tenant_admin/operator can manage invite codes
[1A[2K[11/20] [setup] › tests/api/setup/00-bootstrap.spec.ts:431:1 › 00-bootstrap: invariant 9 — JWT signing key usable (login round-trip)
[1A[2K[12/20] [setup] › tests/api/setup/01-multi-role-users.spec.ts:27:1 › 01-multi-role-users: provision e2e-operator + e2e-viewer
[1A[2K[13/20] [auth] › tests/auth.setup.ts:396:1 › authenticate as admin
[1A[2K[auth] › tests/auth.setup.ts:396:1 › authenticate as admin
   Auto-selected business space: tenantId=328356074262499328

[1A[2K[14/20] [auth] › tests/auth.setup.ts:434:1 › authenticate as operator
[1A[2K[15/20] [auth] › tests/auth.setup.ts:463:1 › ensure e2et test pages dsl
[1A[2K[16/20] [auth] › tests/auth.setup.ts:522:1 › authenticate as viewer
[1A[2K[17/20] [chromium] › tests/e2e/auth/logout.spec.ts:89:3 › Logout Functionality › LO-001: should logout via user menu @smoke
[1A[2K[18/20] [chromium] › tests/e2e/auth/logout.spec.ts:103:3 › Logout Functionality › LO-002: should clear session after logout
[1A[2K[19/20] [chromium] › tests/e2e/auth/logout.spec.ts:126:3 › Logout Functionality › LO-003: should redirect to login when accessing protected route after logout
[1A[2K[20/20] [chromium] › tests/e2e/auth/logout.spec.ts:152:3 › Logout Functionality › LO-004: logout button should be visible for authenticated users
🧹 Running global teardown...
✅ Global teardown complete
[1A[2K  20 passed (8.3s)
