
Running 4 tests using 1 worker

[1A[2K(node:52693) Warning: The 'NO_COLOR' env is ignored due to the 'FORCE_COLOR' env being set.
(Use `node --trace-warnings ...` to show where the warning was created)


[1A[2K(node:52693) Warning: The 'NO_COLOR' env is ignored due to the 'FORCE_COLOR' env being set.
(Use `node --trace-warnings ...` to show where the warning was created)


[1A[2K[1/4] [chromium] › tests/e2e/organization/org-employee.spec.ts:138:3 › Organization Employee › ORG-010: employee list page loads @smoke
[1A[2K[2/4] [chromium] › tests/e2e/organization/org-employee.spec.ts:158:3 › Organization Employee › ORG-011: create employee via UI @smoke
[1A[2K[3/4] [chromium] › tests/e2e/organization/org-employee.spec.ts:232:3 › Organization Employee › ORG-012: edit employee via UI @critical
[1A[2K  1) [chromium] › tests/e2e/organization/org-employee.spec.ts:232:3 › Organization Employee › ORG-012: edit employee via UI @critical

    [31mTest timeout of 15000ms exceeded.[39m

    Error: [2mexpect([22m[31mlocator[39m[2m).[22mtoBeVisible[2m([22m[2m)[22m failed

    Locator: locator('[data-testid="form-field-org_emp_name"] input, input[name*="emp_name"], input[name*="name"]').first()
    Expected: visible
    Error: element(s) not found

    Call log:
    [2m  - Expect "toBeVisible" with timeout 5000ms[22m
    [2m  - waiting for locator('[data-testid="form-field-org_emp_name"] input, input[name*="emp_name"], input[name*="name"]').first()[22m


      294 |     ).first();
      295 |
    > 296 |     await expect(nameInput).toBeVisible({ timeout: 5000 });
          |                             ^
      297 |     await nameInput.click();
      298 |     await nameInput.evaluate((input: HTMLInputElement) => {
      299 |       input.value = '';
        at /Users/ghj/work/auraboot-core-account-org-settings/web-admin/tests/e2e/organization/org-employee.spec.ts:296:29

    attachment #1: screenshot (image/png) ──────────────────────────────────────────────────────────
    ../docs/plans/2026-06/evidence/account-org-password/latest/pw-output-employee-rerun/organization-org-employee--5f237-it-employee-via-UI-critical-chromium/test-failed-1.png
    ────────────────────────────────────────────────────────────────────────────────────────────────

    Error Context: ../docs/plans/2026-06/evidence/account-org-password/latest/pw-output-employee-rerun/organization-org-employee--5f237-it-employee-via-UI-critical-chromium/error-context.md


[1A[2K(node:54732) Warning: The 'NO_COLOR' env is ignored due to the 'FORCE_COLOR' env being set.
(Use `node --trace-warnings ...` to show where the warning was created)


[1A[2K(node:54732) Warning: The 'NO_COLOR' env is ignored due to the 'FORCE_COLOR' env being set.
(Use `node --trace-warnings ...` to show where the warning was created)


[1A[2K[4/4] [chromium] › tests/e2e/organization/org-employee.spec.ts:335:3 › Organization Employee › ORG-013: employee status transition @critical
🧹 Running global teardown...
✅ Global teardown complete
[1A[2K  1 failed
    [chromium] › tests/e2e/organization/org-employee.spec.ts:232:3 › Organization Employee › ORG-012: edit employee via UI @critical
  3 passed (25.8s)
