
Running 34 tests using 2 workers

[1A[2K(node:38822) Warning: The 'NO_COLOR' env is ignored due to the 'FORCE_COLOR' env being set.
(Use `node --trace-warnings ...` to show where the warning was created)


[1A[2K(node:38822) Warning: The 'NO_COLOR' env is ignored due to the 'FORCE_COLOR' env being set.
(Use `node --trace-warnings ...` to show where the warning was created)


[1A[2K[1/34] [setup] › tests/api/setup/01-multi-role-users.spec.ts:27:1 › 01-multi-role-users: provision e2e-operator + e2e-viewer
[1A[2K(node:38843) Warning: The 'NO_COLOR' env is ignored due to the 'FORCE_COLOR' env being set.
(Use `node --trace-warnings ...` to show where the warning was created)


[1A[2K(node:38843) Warning: The 'NO_COLOR' env is ignored due to the 'FORCE_COLOR' env being set.
(Use `node --trace-warnings ...` to show where the warning was created)


[1A[2K[2/34] [setup] › tests/api/setup/00-bootstrap.spec.ts:267:1 › 00-bootstrap: ensure system is initialized via /api/bootstrap/setup
[1A[2K[3/34] [setup] › tests/api/setup/00-bootstrap.spec.ts:307:1 › 00-bootstrap: invariant 1 — system_config row + system.initialized=true
[1A[2K[4/34] [setup] › tests/api/setup/00-bootstrap.spec.ts:327:1 › 00-bootstrap: invariant 2 — System Tenant row exists
[1A[2K[5/34] [setup] › tests/api/setup/00-bootstrap.spec.ts:334:1 › 00-bootstrap: invariant 3 — platform_admin role exists in System Tenant
[1A[2K[6/34] [setup] › tests/api/setup/00-bootstrap.spec.ts:343:1 › 00-bootstrap: invariant 4 — admin user exists
[1A[2K[7/34] [setup] › tests/api/setup/00-bootstrap.spec.ts:351:1 › 00-bootstrap: invariant 5 — admin → System Tenant membership
[1A[2K[8/34] [setup] › tests/api/setup/00-bootstrap.spec.ts:361:1 › 00-bootstrap: invariant 6 — admin → platform_admin role grant
[1A[2K[9/34] [setup] › tests/api/setup/00-bootstrap.spec.ts:375:1 › 00-bootstrap: invariant 7 — Business Tenant exists
[1A[2K[10/34] [setup] › tests/api/setup/00-bootstrap.spec.ts:383:1 › 00-bootstrap: invariant 8 — Business Tenant template roles exist
[1A[2K[11/34] [setup] › tests/api/setup/00-bootstrap.spec.ts:399:1 › 00-bootstrap: invariant 8b — tenant_admin/operator can manage invite codes
[1A[2K[12/34] [setup] › tests/api/setup/00-bootstrap.spec.ts:431:1 › 00-bootstrap: invariant 9 — JWT signing key usable (login round-trip)
[1A[2K[13/34] [auth] › tests/auth.setup.ts:396:1 › authenticate as admin
[1A[2K[auth] › tests/auth.setup.ts:396:1 › authenticate as admin
   Auto-selected business space: tenantId=328356074262499328

[1A[2K[14/34] [auth] › tests/auth.setup.ts:434:1 › authenticate as operator
[1A[2K[15/34] [auth] › tests/auth.setup.ts:463:1 › ensure e2et test pages dsl
[1A[2K[16/34] [auth] › tests/auth.setup.ts:522:1 › authenticate as viewer
[1A[2K[17/34] [chromium] › tests/e2e/auth/auth-recovery-and-signup.spec.ts:20:3 › Auth Recovery & Signup Deep › ARS-001: signup redirects to login when public registration is disabled
[1A[2K[18/34] [chromium] › tests/e2e/organization/account-policy-and-employee-open-account.spec.ts:59:3 › Account policy and employee account opening › POLICY-001: admin can view read-only account security policy @smoke
[1A[2K[19/34] [chromium] › tests/e2e/auth/auth-recovery-and-signup.spec.ts:27:3 › Auth Recovery & Signup Deep › ARS-002: login page does not expose public signup link by default
[1A[2K[20/34] [chromium] › tests/e2e/organization/account-policy-and-employee-open-account.spec.ts:79:3 › Account policy and employee account opening › ORG-OPEN-001: admin opens a login account from an employee row @smoke
[1A[2K[21/34] [chromium] › tests/e2e/auth/auth-recovery-and-signup.spec.ts:33:3 › Auth Recovery & Signup Deep › ARS-003: forgot-password shows admin-managed password policy
[1A[2K[22/34] [chromium] › tests/e2e/auth/auth-recovery-and-signup.spec.ts:42:3 › Auth Recovery & Signup Deep › ARS-004: reset-password shows admin-managed password policy
[1A[2K[23/34] [chromium] › tests/e2e/organization/org-employee.spec.ts:138:3 › Organization Employee › ORG-010: employee list page loads @smoke
[1A[2K[24/34] [chromium] › tests/e2e/organization/account-policy-and-employee-open-account.spec.ts:125:3 › Account policy and employee account opening › MEM-04: admin provisions a tenant member from the account page @smoke
[1A[2K[25/34] [chromium] › tests/e2e/organization/org-employee.spec.ts:158:3 › Organization Employee › ORG-011: create employee via UI @smoke
[1A[2K[26/34] [chromium] › tests/e2e/organization/team-management.spec.ts:62:3 › Team Management › TM-001: should display team list page @smoke
[1A[2K[27/34] [chromium] › tests/e2e/organization/team-management.spec.ts:69:3 › Team Management › TM-002: should create a team via UI @smoke
[1A[2K[28/34] [chromium] › tests/e2e/organization/team-management.spec.ts:126:3 › Team Management › TM-003: should edit a team via UI
[1A[2K[29/34] [chromium] › tests/e2e/organization/team-management.spec.ts:165:3 › Team Management › TM-004: should delete a team via UI
[1A[2K[30/34] [chromium] › tests/e2e/organization/team-management.spec.ts:200:3 › Team Management › TM-005: should navigate to team detail and view members @smoke
[1A[2K[31/34] [chromium] › tests/e2e/organization/team-management.spec.ts:227:3 › Team Management › TM-006: should add and remove team member via UI
[1A[2K[32/34] [chromium] › tests/e2e/organization/tenant-member-password-reset.spec.ts:11:3 › Tenant Member Password Reset › MEM-RESET-001: admin can reset an active member password and see one-time temporary password @smoke
[1A[2K[33/34] [chromium] › tests/e2e/organization/org-employee.spec.ts:232:3 › Organization Employee › ORG-012: edit employee via UI @critical
[1A[2K[34/34] [chromium] › tests/e2e/organization/org-employee.spec.ts:335:3 › Organization Employee › ORG-013: employee status transition @critical
🧹 Running global teardown...
✅ Global teardown complete
[1A[2K  34 passed (18.7s)
