
Running 14 tests using 1 worker

[1A[2K(node:45799) Warning: The 'NO_COLOR' env is ignored due to the 'FORCE_COLOR' env being set.
(Use `node --trace-warnings ...` to show where the warning was created)


[1A[2K(node:45799) Warning: The 'NO_COLOR' env is ignored due to the 'FORCE_COLOR' env being set.
(Use `node --trace-warnings ...` to show where the warning was created)


[1A[2K[1/14] [chromium] › tests/e2e/auth/logout.spec.ts:24:3 › Logout Functionality › LO-001: should logout via user menu @smoke
[1A[2K  1) [chromium] › tests/e2e/auth/logout.spec.ts:24:3 › Logout Functionality › LO-001: should logout via user menu @smoke

    Error: [2mexpect([22m[31mlocator[39m[2m).[22mtoBeVisible[2m([22m[2m)[22m failed

    Locator: locator('[data-testid="user-dropdown"]')
    Expected: visible
    Timeout: 3000ms
    Error: element(s) not found

    Call log:
    [2m  - Expect "toBeVisible" with timeout 3000ms[22m
    [2m  - waiting for locator('[data-testid="user-dropdown"]')[22m


       at pages/HeaderPage.ts:278

      276 |     }
      277 |
    > 278 |     await expect(this.userDropdown).toBeVisible({ timeout: 3000 });
          |                                     ^
      279 |
      280 |     await expect(this.logoutLink).toBeVisible({ timeout: 5000 });
      281 |   }
        at HeaderPage.openUserMenu (/Users/ghj/work/auraboot-core-account-org-settings/web-admin/tests/pages/HeaderPage.ts:278:37)
        at HeaderPage.logout (/Users/ghj/work/auraboot-core-account-org-settings/web-admin/tests/pages/HeaderPage.ts:300:5)
        at /Users/ghj/work/auraboot-core-account-org-settings/web-admin/tests/e2e/auth/logout.spec.ts:35:5

    attachment #1: screenshot (image/png) ──────────────────────────────────────────────────────────
    ../docs/plans/2026-06/evidence/account-org-password/latest/pw-output-authenticated/auth-logout-Logout-Functio-cf6b9--logout-via-user-menu-smoke-chromium/test-failed-1.png
    ────────────────────────────────────────────────────────────────────────────────────────────────

    Error Context: ../docs/plans/2026-06/evidence/account-org-password/latest/pw-output-authenticated/auth-logout-Logout-Functio-cf6b9--logout-via-user-menu-smoke-chromium/error-context.md


[1A[2K(node:46026) Warning: The 'NO_COLOR' env is ignored due to the 'FORCE_COLOR' env being set.
(Use `node --trace-warnings ...` to show where the warning was created)


[1A[2K(node:46026) Warning: The 'NO_COLOR' env is ignored due to the 'FORCE_COLOR' env being set.
(Use `node --trace-warnings ...` to show where the warning was created)


[1A[2K[2/14] [chromium] › tests/e2e/auth/logout.spec.ts:46:3 › Logout Functionality › LO-002: should clear session after logout
[1A[2K  2) [chromium] › tests/e2e/auth/logout.spec.ts:46:3 › Logout Functionality › LO-002: should clear session after logout

    Error: page.goto: net::ERR_ABORTED at http://127.0.0.1:5194/logout
    Call log:
    [2m  - navigating to "http://127.0.0.1:5194/logout", waiting until "commit"[22m


      56 |
      57 |     // Navigate to logout confirmation and submit it.
    > 58 |     await page.goto(`/logout`, { waitUntil: 'commit', timeout: 10000 });
         |                ^
      59 |     await page.waitForLoadState('domcontentloaded');
      60 |     await page.locator('button:has-text("确认退出"), button:has-text("Log Out")').first().click();
      61 |     await page.waitForURL(/\/login/, { timeout: 10000 });
        at /Users/ghj/work/auraboot-core-account-org-settings/web-admin/tests/e2e/auth/logout.spec.ts:58:16

    attachment #1: screenshot (image/png) ──────────────────────────────────────────────────────────
    ../docs/plans/2026-06/evidence/account-org-password/latest/pw-output-authenticated/auth-logout-Logout-Functio-64a06--clear-session-after-logout-chromium/test-failed-1.png
    ────────────────────────────────────────────────────────────────────────────────────────────────

    Error Context: ../docs/plans/2026-06/evidence/account-org-password/latest/pw-output-authenticated/auth-logout-Logout-Functio-64a06--clear-session-after-logout-chromium/error-context.md


[1A[2K(node:46032) Warning: The 'NO_COLOR' env is ignored due to the 'FORCE_COLOR' env being set.
(Use `node --trace-warnings ...` to show where the warning was created)


[1A[2K(node:46032) Warning: The 'NO_COLOR' env is ignored due to the 'FORCE_COLOR' env being set.
(Use `node --trace-warnings ...` to show where the warning was created)


[1A[2K[3/14] [chromium] › tests/e2e/auth/logout.spec.ts:77:3 › Logout Functionality › LO-003: should redirect to login when accessing protected route after logout
[1A[2K[4/14] [chromium] › tests/e2e/auth/logout.spec.ts:103:3 › Logout Functionality › LO-004: logout button should be visible for authenticated users
[1A[2K[5/14] [chromium] › tests/e2e/organization/org-employee.spec.ts:138:3 › Organization Employee › ORG-010: employee list page loads @smoke
[1A[2K[6/14] [chromium] › tests/e2e/organization/org-employee.spec.ts:158:3 › Organization Employee › ORG-011: create employee via UI @smoke
[1A[2K  3) [chromium] › tests/e2e/organization/org-employee.spec.ts:158:3 › Organization Employee › ORG-011: create employee via UI @smoke

    Error: Command org:create_position failed with HTTP 422: {"code":"35000","message":"Bad parameter","data":null,"context":{"error":"Field 'org_pos_dept_id' is required"},"timestamp":1782347205983}

       at e2e/helpers/index.ts:869

      867 |   const body = await resp.json().catch(() => ({}));
      868 |   if (!resp.ok() && !options?.allowHttpError) {
    > 869 |     throw new Error(
          |           ^
      870 |       `Command ${commandCode} failed with HTTP ${resp.status()}: ${JSON.stringify(body).slice(0, 500)}`,
      871 |     );
      872 |   }
        at executeCommandViaApi (/Users/ghj/work/auraboot-core-account-org-settings/web-admin/tests/e2e/helpers/index.ts:869:11)
        at createEmployeePrerequisites (/Users/ghj/work/auraboot-core-account-org-settings/web-admin/tests/e2e/organization/org-employee.spec.ts:59:28)
        at /Users/ghj/work/auraboot-core-account-org-settings/web-admin/tests/e2e/organization/org-employee.spec.ts:160:40

    attachment #1: screenshot (image/png) ──────────────────────────────────────────────────────────
    ../docs/plans/2026-06/evidence/account-org-password/latest/pw-output-authenticated/organization-org-employee--2a30c-reate-employee-via-UI-smoke-chromium/test-failed-1.png
    ────────────────────────────────────────────────────────────────────────────────────────────────

    Error Context: ../docs/plans/2026-06/evidence/account-org-password/latest/pw-output-authenticated/organization-org-employee--2a30c-reate-employee-via-UI-smoke-chromium/error-context.md


[1A[2K(node:46122) Warning: The 'NO_COLOR' env is ignored due to the 'FORCE_COLOR' env being set.
(Use `node --trace-warnings ...` to show where the warning was created)


[1A[2K(node:46122) Warning: The 'NO_COLOR' env is ignored due to the 'FORCE_COLOR' env being set.
(Use `node --trace-warnings ...` to show where the warning was created)


[1A[2K[7/14] [chromium] › tests/e2e/organization/org-employee.spec.ts:232:3 › Organization Employee › ORG-012: edit employee via UI @critical
[1A[2K  4) [chromium] › tests/e2e/organization/org-employee.spec.ts:232:3 › Organization Employee › ORG-012: edit employee via UI @critical

    Error: Command org:create_position failed with HTTP 422: {"code":"35000","message":"Bad parameter","data":null,"context":{"error":"Field 'org_pos_dept_id' is required"},"timestamp":1782347206495}

       at e2e/helpers/index.ts:869

      867 |   const body = await resp.json().catch(() => ({}));
      868 |   if (!resp.ok() && !options?.allowHttpError) {
    > 869 |     throw new Error(
          |           ^
      870 |       `Command ${commandCode} failed with HTTP ${resp.status()}: ${JSON.stringify(body).slice(0, 500)}`,
      871 |     );
      872 |   }
        at executeCommandViaApi (/Users/ghj/work/auraboot-core-account-org-settings/web-admin/tests/e2e/helpers/index.ts:869:11)
        at createEmployeePrerequisites (/Users/ghj/work/auraboot-core-account-org-settings/web-admin/tests/e2e/organization/org-employee.spec.ts:59:28)
        at /Users/ghj/work/auraboot-core-account-org-settings/web-admin/tests/e2e/organization/org-employee.spec.ts:233:52

    attachment #1: screenshot (image/png) ──────────────────────────────────────────────────────────
    ../docs/plans/2026-06/evidence/account-org-password/latest/pw-output-authenticated/organization-org-employee--5f237-it-employee-via-UI-critical-chromium/test-failed-1.png
    ────────────────────────────────────────────────────────────────────────────────────────────────

    Error Context: ../docs/plans/2026-06/evidence/account-org-password/latest/pw-output-authenticated/organization-org-employee--5f237-it-employee-via-UI-critical-chromium/error-context.md


[1A[2K(node:46127) Warning: The 'NO_COLOR' env is ignored due to the 'FORCE_COLOR' env being set.
(Use `node --trace-warnings ...` to show where the warning was created)


[1A[2K(node:46127) Warning: The 'NO_COLOR' env is ignored due to the 'FORCE_COLOR' env being set.
(Use `node --trace-warnings ...` to show where the warning was created)


[1A[2K[8/14] [chromium] › tests/e2e/organization/org-employee.spec.ts:335:3 › Organization Employee › ORG-013: employee status transition @critical
[1A[2K  5) [chromium] › tests/e2e/organization/org-employee.spec.ts:335:3 › Organization Employee › ORG-013: employee status transition @critical

    Error: Command org:create_position failed with HTTP 422: {"code":"35000","message":"Bad parameter","data":null,"context":{"error":"Field 'org_pos_dept_id' is required"},"timestamp":1782347206991}

       at e2e/helpers/index.ts:869

      867 |   const body = await resp.json().catch(() => ({}));
      868 |   if (!resp.ok() && !options?.allowHttpError) {
    > 869 |     throw new Error(
          |           ^
      870 |       `Command ${commandCode} failed with HTTP ${resp.status()}: ${JSON.stringify(body).slice(0, 500)}`,
      871 |     );
      872 |   }
        at executeCommandViaApi (/Users/ghj/work/auraboot-core-account-org-settings/web-admin/tests/e2e/helpers/index.ts:869:11)
        at createEmployeePrerequisites (/Users/ghj/work/auraboot-core-account-org-settings/web-admin/tests/e2e/organization/org-employee.spec.ts:59:28)
        at /Users/ghj/work/auraboot-core-account-org-settings/web-admin/tests/e2e/organization/org-employee.spec.ts:336:52

    attachment #1: screenshot (image/png) ──────────────────────────────────────────────────────────
    ../docs/plans/2026-06/evidence/account-org-password/latest/pw-output-authenticated/organization-org-employee--d18a1--status-transition-critical-chromium/test-failed-1.png
    ────────────────────────────────────────────────────────────────────────────────────────────────

    Error Context: ../docs/plans/2026-06/evidence/account-org-password/latest/pw-output-authenticated/organization-org-employee--d18a1--status-transition-critical-chromium/error-context.md


[1A[2K(node:46132) Warning: The 'NO_COLOR' env is ignored due to the 'FORCE_COLOR' env being set.
(Use `node --trace-warnings ...` to show where the warning was created)


[1A[2K(node:46132) Warning: The 'NO_COLOR' env is ignored due to the 'FORCE_COLOR' env being set.
(Use `node --trace-warnings ...` to show where the warning was created)


[1A[2K[9/14] [chromium] › tests/e2e/organization/team-management.spec.ts:62:3 › Team Management › TM-001: should display team list page @smoke
[1A[2K[10/14] [chromium] › tests/e2e/organization/team-management.spec.ts:69:3 › Team Management › TM-002: should create a team via UI @smoke
[1A[2K[11/14] [chromium] › tests/e2e/organization/team-management.spec.ts:126:3 › Team Management › TM-003: should edit a team via UI
[1A[2K[12/14] [chromium] › tests/e2e/organization/team-management.spec.ts:165:3 › Team Management › TM-004: should delete a team via UI
[1A[2K[13/14] [chromium] › tests/e2e/organization/team-management.spec.ts:200:3 › Team Management › TM-005: should navigate to team detail and view members @smoke
[1A[2K[14/14] [chromium] › tests/e2e/organization/team-management.spec.ts:227:3 › Team Management › TM-006: should add and remove team member via UI
🧹 Running global teardown...
✅ Global teardown complete
[1A[2K  5 failed
    [chromium] › tests/e2e/auth/logout.spec.ts:24:3 › Logout Functionality › LO-001: should logout via user menu @smoke
    [chromium] › tests/e2e/auth/logout.spec.ts:46:3 › Logout Functionality › LO-002: should clear session after logout
    [chromium] › tests/e2e/organization/org-employee.spec.ts:158:3 › Organization Employee › ORG-011: create employee via UI @smoke
    [chromium] › tests/e2e/organization/org-employee.spec.ts:232:3 › Organization Employee › ORG-012: edit employee via UI @critical
    [chromium] › tests/e2e/organization/org-employee.spec.ts:335:3 › Organization Employee › ORG-013: employee status transition @critical
  9 passed (17.0s)
