
Running 19 tests using 1 worker

[1A[2K(node:38380) Warning: The 'NO_COLOR' env is ignored due to the 'FORCE_COLOR' env being set.
(Use `node --trace-warnings ...` to show where the warning was created)


[1A[2K(node:38380) Warning: The 'NO_COLOR' env is ignored due to the 'FORCE_COLOR' env being set.
(Use `node --trace-warnings ...` to show where the warning was created)


[1A[2K[1/19] [setup] › tests/api/setup/00-bootstrap.spec.ts:267:1 › 00-bootstrap: ensure system is initialized via /api/bootstrap/setup
[1A[2K[2/19] [setup] › tests/api/setup/00-bootstrap.spec.ts:307:1 › 00-bootstrap: invariant 1 — system_config row + system.initialized=true
[1A[2K[3/19] [setup] › tests/api/setup/00-bootstrap.spec.ts:327:1 › 00-bootstrap: invariant 2 — System Tenant row exists
[1A[2K[4/19] [setup] › tests/api/setup/00-bootstrap.spec.ts:334:1 › 00-bootstrap: invariant 3 — platform_admin role exists in System Tenant
[1A[2K[5/19] [setup] › tests/api/setup/00-bootstrap.spec.ts:343:1 › 00-bootstrap: invariant 4 — admin user exists
[1A[2K[6/19] [setup] › tests/api/setup/00-bootstrap.spec.ts:351:1 › 00-bootstrap: invariant 5 — admin → System Tenant membership
[1A[2K[7/19] [setup] › tests/api/setup/00-bootstrap.spec.ts:361:1 › 00-bootstrap: invariant 6 — admin → platform_admin role grant
[1A[2K[8/19] [setup] › tests/api/setup/00-bootstrap.spec.ts:375:1 › 00-bootstrap: invariant 7 — Business Tenant exists
[1A[2K[9/19] [setup] › tests/api/setup/00-bootstrap.spec.ts:383:1 › 00-bootstrap: invariant 8 — Business Tenant template roles exist
[1A[2K[10/19] [setup] › tests/api/setup/00-bootstrap.spec.ts:399:1 › 00-bootstrap: invariant 8b — tenant_admin/operator can manage invite codes
[1A[2K[11/19] [setup] › tests/api/setup/00-bootstrap.spec.ts:431:1 › 00-bootstrap: invariant 9 — JWT signing key usable (login round-trip)
[1A[2K[12/19] [setup] › tests/api/setup/01-multi-role-users.spec.ts:27:1 › 01-multi-role-users: provision e2e-operator + e2e-viewer
[1A[2K[13/19] [auth] › tests/auth.setup.ts:396:1 › authenticate as admin
[1A[2K[auth] › tests/auth.setup.ts:396:1 › authenticate as admin
   Auto-selected business space: tenantId=328356074262499328

[1A[2K[14/19] [auth] › tests/auth.setup.ts:434:1 › authenticate as operator
[1A[2K[15/19] [auth] › tests/auth.setup.ts:463:1 › ensure e2et test pages dsl
[1A[2K[16/19] [auth] › tests/auth.setup.ts:522:1 › authenticate as viewer
[1A[2K[17/19] [chromium] › tests/e2e/organization/account-policy-and-employee-open-account.spec.ts:59:3 › Account policy and employee account opening › POLICY-001: admin can view read-only account security policy @smoke
[1A[2K[18/19] [chromium] › tests/e2e/organization/account-policy-and-employee-open-account.spec.ts:79:3 › Account policy and employee account opening › ORG-OPEN-001: admin opens a login account from an employee row @smoke
[1A[2K[19/19] [chromium] › tests/e2e/organization/account-policy-and-employee-open-account.spec.ts:125:3 › Account policy and employee account opening › MEM-04: admin provisions a tenant member from the account page @smoke
🧹 Running global teardown...
✅ Global teardown complete
[1A[2K  19 passed (8.3s)
