
Running 16 tests using 2 workers

[1A[2K(node:36974) Warning: The 'NO_COLOR' env is ignored due to the 'FORCE_COLOR' env being set.
(Use `node --trace-warnings ...` to show where the warning was created)


[1A[2K(node:36974) Warning: The 'NO_COLOR' env is ignored due to the 'FORCE_COLOR' env being set.
(Use `node --trace-warnings ...` to show where the warning was created)


[1A[2K[1/16] [setup] › tests/api/setup/01-multi-role-users.spec.ts:27:1 › 01-multi-role-users: provision e2e-operator + e2e-viewer
[1A[2K(node:36995) Warning: The 'NO_COLOR' env is ignored due to the 'FORCE_COLOR' env being set.
(Use `node --trace-warnings ...` to show where the warning was created)


[1A[2K(node:36995) Warning: The 'NO_COLOR' env is ignored due to the 'FORCE_COLOR' env being set.
(Use `node --trace-warnings ...` to show where the warning was created)


[1A[2K[2/16] [setup] › tests/api/setup/00-bootstrap.spec.ts:267:1 › 00-bootstrap: ensure system is initialized via /api/bootstrap/setup
[1A[2K[3/16] [setup] › tests/api/setup/00-bootstrap.spec.ts:307:1 › 00-bootstrap: invariant 1 — system_config row + system.initialized=true
[1A[2K[4/16] [setup] › tests/api/setup/00-bootstrap.spec.ts:327:1 › 00-bootstrap: invariant 2 — System Tenant row exists
[1A[2K[5/16] [setup] › tests/api/setup/00-bootstrap.spec.ts:334:1 › 00-bootstrap: invariant 3 — platform_admin role exists in System Tenant
[1A[2K[6/16] [setup] › tests/api/setup/00-bootstrap.spec.ts:343:1 › 00-bootstrap: invariant 4 — admin user exists
[1A[2K[7/16] [setup] › tests/api/setup/00-bootstrap.spec.ts:351:1 › 00-bootstrap: invariant 5 — admin → System Tenant membership
[1A[2K[8/16] [setup] › tests/api/setup/00-bootstrap.spec.ts:361:1 › 00-bootstrap: invariant 6 — admin → platform_admin role grant
[1A[2K[9/16] [setup] › tests/api/setup/00-bootstrap.spec.ts:375:1 › 00-bootstrap: invariant 7 — Business Tenant exists
[1A[2K[10/16] [setup] › tests/api/setup/00-bootstrap.spec.ts:383:1 › 00-bootstrap: invariant 8 — Business Tenant template roles exist
[1A[2K[11/16] [setup] › tests/api/setup/00-bootstrap.spec.ts:399:1 › 00-bootstrap: invariant 8b — tenant_admin/operator can manage invite codes
[1A[2K[12/16] [setup] › tests/api/setup/00-bootstrap.spec.ts:431:1 › 00-bootstrap: invariant 9 — JWT signing key usable (login round-trip)
[1A[2K[13/16] [auth] › tests/auth.setup.ts:396:1 › authenticate as admin
[1A[2K[auth] › tests/auth.setup.ts:396:1 › authenticate as admin
   Auto-selected business space: tenantId=328356074262499328

[1A[2K[14/16] [auth] › tests/auth.setup.ts:434:1 › authenticate as operator
[1A[2K[15/16] [auth] › tests/auth.setup.ts:463:1 › ensure e2et test pages dsl
[1A[2K[16/16] [auth] › tests/auth.setup.ts:522:1 › authenticate as viewer
🧹 Running global teardown...
✅ Global teardown complete
[1A[2K  16 passed (2.9s)
