
Running 17 tests using 1 worker

[1A[2K(node:53126) Warning: The 'NO_COLOR' env is ignored due to the 'FORCE_COLOR' env being set.
(Use `node --trace-warnings ...` to show where the warning was created)


[1A[2K(node:53126) Warning: The 'NO_COLOR' env is ignored due to the 'FORCE_COLOR' env being set.
(Use `node --trace-warnings ...` to show where the warning was created)


[1A[2K[1/17] [setup] › tests/api/setup/00-bootstrap.spec.ts:267:1 › 00-bootstrap: ensure system is initialized via /api/bootstrap/setup
[1A[2K[2/17] [setup] › tests/api/setup/00-bootstrap.spec.ts:307:1 › 00-bootstrap: invariant 1 — system_config row + system.initialized=true
[1A[2K[3/17] [setup] › tests/api/setup/00-bootstrap.spec.ts:327:1 › 00-bootstrap: invariant 2 — System Tenant row exists
[1A[2K[4/17] [setup] › tests/api/setup/00-bootstrap.spec.ts:334:1 › 00-bootstrap: invariant 3 — platform_admin role exists in System Tenant
[1A[2K[5/17] [setup] › tests/api/setup/00-bootstrap.spec.ts:343:1 › 00-bootstrap: invariant 4 — admin user exists
[1A[2K[6/17] [setup] › tests/api/setup/00-bootstrap.spec.ts:351:1 › 00-bootstrap: invariant 5 — admin → System Tenant membership
[1A[2K[7/17] [setup] › tests/api/setup/00-bootstrap.spec.ts:361:1 › 00-bootstrap: invariant 6 — admin → platform_admin role grant
[1A[2K[8/17] [setup] › tests/api/setup/00-bootstrap.spec.ts:375:1 › 00-bootstrap: invariant 7 — Business Tenant exists
[1A[2K[9/17] [setup] › tests/api/setup/00-bootstrap.spec.ts:383:1 › 00-bootstrap: invariant 8 — Business Tenant template roles exist
[1A[2K[10/17] [setup] › tests/api/setup/00-bootstrap.spec.ts:399:1 › 00-bootstrap: invariant 8b — tenant_admin/operator can manage invite codes
[1A[2K[11/17] [setup] › tests/api/setup/00-bootstrap.spec.ts:431:1 › 00-bootstrap: invariant 9 — JWT signing key usable (login round-trip)
[1A[2K[12/17] [setup] › tests/api/setup/01-multi-role-users.spec.ts:27:1 › 01-multi-role-users: provision e2e-operator + e2e-viewer
[1A[2K[13/17] [auth] › tests/auth.setup.ts:396:1 › authenticate as admin
[1A[2K[auth] › tests/auth.setup.ts:396:1 › authenticate as admin
   Auto-selected business space: tenantId=328348303207043072

[1A[2K[14/17] [auth] › tests/auth.setup.ts:434:1 › authenticate as operator
[1A[2K[15/17] [auth] › tests/auth.setup.ts:463:1 › ensure e2et test pages dsl
[1A[2K[16/17] [auth] › tests/auth.setup.ts:522:1 › authenticate as viewer
[1A[2K[17/17] [chromium] › tests/e2e/organization/tenant-member-password-reset.spec.ts:11:3 › Tenant Member Password Reset › MEM-RESET-001: admin can reset an active member password and see one-time temporary password @smoke
🧹 Running global teardown...
✅ Global teardown complete
[1A[2K  17 passed (4.3s)
